<?xml version="1.0" encoding="UTF-8"?>
<testng-results ignored="0" total="1" passed="1" failed="0" skipped="0">
  <reporter-output>
  </reporter-output>
  <suite started-at="2021-02-07T05:50:33 GMT" name="Default suite" finished-at="2021-02-07T05:50:42 GMT" duration-ms="8955">
    <groups>
    </groups>
    <test started-at="2021-02-07T05:50:33 GMT" name="Default test" finished-at="2021-02-07T05:50:42 GMT" duration-ms="8955">
      <class name="NHSSBA.NHS.HomePage">
        <test-method is-config="true" signature="initialization()[pri:0, instance:NHSSBA.NHS.HomePage@3d121db3]" started-at="2021-02-07T05:50:33 GMT" name="initialization" finished-at="2021-02-07T05:50:39 GMT" duration-ms="5734" status="PASS">
          <reporter-output>
          </reporter-output>
        </test-method> <!-- initialization -->
        <test-method signature="navigateToHomePage()[pri:0, instance:NHSSBA.NHS.HomePage@3d121db3]" started-at="2021-02-07T05:50:39 GMT" name="navigateToHomePage" finished-at="2021-02-07T05:50:42 GMT" duration-ms="2974" status="PASS">
          <reporter-output>
          </reporter-output>
        </test-method> <!-- navigateToHomePage -->
        <test-method is-config="true" signature="Windup()[pri:0, instance:NHSSBA.NHS.HomePage@3d121db3]" started-at="2021-02-07T05:50:42 GMT" name="Windup" finished-at="2021-02-07T05:50:42 GMT" duration-ms="185" status="PASS">
          <reporter-output>
          </reporter-output>
        </test-method> <!-- Windup -->
      </class> <!-- NHSSBA.NHS.HomePage -->
    </test> <!-- Default test -->
  </suite> <!-- Default suite -->
</testng-results>
